0 info it worked if it ends with ok
1 verbose cli [ '/usr/bin/node', '/usr/bin/npm', 'start' ]
2 info using npm@1.4.3
3 info using node@v0.10.26
4 verbose node symlink /usr/bin/node
5 verbose run-script [ 'prestart', 'start', 'poststart' ]
6 info prestart meeDamian.com@0.0.1
7 info start meeDamian.com@0.0.1
8 verbose unsafe-perm in lifecycle true
9 info meeDamian.com@0.0.1 Failed to exec start script
10 error meeDamian.com@0.0.1 start: `coffee app.coffee`
10 error Exit status 1
11 error Failed at the meeDamian.com@0.0.1 start script.
11 error This is most likely a problem with the meeDamian.com package,
11 error not with npm itself.
11 error Tell the author that this fails on your system:
11 error     coffee app.coffee
11 error You can get their info via:
11 error     npm owner ls meeDamian.com
11 error There is likely additional logging output above.
12 error System Linux 3.13.0-26-generic
13 error command "/usr/bin/node" "/usr/bin/npm" "start"
14 error cwd /home/mee/dev/repos/meeDamian.com
15 error node -v v0.10.26
16 error npm -v 1.4.3
17 error code ELIFECYCLE
18 verbose exit [ 1, true ]
